<?xml version="1.0" encoding="UTF-8"?>
<!-- Generated by org.testng.reporters.JUnitXMLReporter -->
<testsuite ignored="3" hostname="Shree" failures="0" tests="1" name="Default test" time="20.239" errors="0" timestamp="2024-10-06T20:37:14 IST">
  <testcase classname="TestCases.LoginTest" name="LoginFailureTest" time="14.666"/>
  <testcase classname="TestCases.LoginTest" name="TC04_LoginSuccessTest" time="0.0">
    <ignored/>
  </testcase> <!-- TC04_LoginSuccessTest -->
  <testcase classname="TestCases.LoginTest" name="Tc_02LoginSucessTest" time="0.0">
    <ignored/>
  </testcase> <!-- Tc_02LoginSucessTest -->
  <testcase classname="TestCases.LoginTest" name="Tc_03LoginSucessTest" time="0.0">
    <ignored/>
  </testcase> <!-- Tc_03LoginSucessTest -->
</testsuite> <!-- Default test -->
