<?xml version="1.0" encoding="UTF-8"?>
<!-- Generated by org.testng.reporters.JUnitXMLReporter -->
<testsuite ignored="0" hostname="SRIKANTH" failures="0" tests="4" name="Test" time="45.479" errors="0" timestamp="2024-07-28T21:57:48 IST">
  <testcase classname="TestCases.HomePageTest" name="TC03_Homepage" time="0.012"/>
  <testcase classname="TestCases.LoginTest" name="LoginFailureTest" time="12.987"/>
  <testcase classname="TestCases.LoginTest" name="Tc_02LoginSucessTest" time="8.561"/>
  <testcase classname="TestCases.LoginTest" name="Tc_03LoginSucessTest" time="14.078"/>
</testsuite> <!-- Test -->
