<?xml version="1.0" encoding="UTF-8"?>
<!-- Generated by org.testng.reporters.JUnitXMLReporter -->
<testsuite ignored="2" hostname="Shree" failures="0" tests="8" name="Test" time="109.783" errors="0" timestamp="2024-10-19T22:34:52 IST">
  <testcase classname="TestCases.HomePageTest" name="TC03_Homepage" time="0.012"/>
  <testcase classname="TestCases.LoginTest" name="LoginFailureTest" time="14.944"/>
  <testcase classname="TestCases.LoginTest" name="TC04_LoginSuccessTest" time="11.609"/>
  <testcase classname="TestCases.LoginTest" name="TC04_LoginSuccessTest" time="12.082"/>
  <testcase classname="TestCases.LoginTest" name="TC04_LoginSuccessTest" time="12.597"/>
  <testcase classname="TestCases.LoginTest" name="TC04_LoginSuccessTest" time="8.364"/>
  <testcase classname="TestCases.LoginTest" name="Tc_02LoginSucessTest" time="9.462"/>
  <testcase classname="TestCases.LoginTest" name="Tc_03LoginSucessTest" time="14.532"/>
  <testcase classname="TestCases.BaseClass" name="@AfterTest CloseExcel" time="0.0">
    <ignored/>
  </testcase> <!-- @AfterTest CloseExcel -->
  <testcase classname="TestCases.BaseClass" name="@BeforeTest SetUpData" time="0.0">
    <ignored/>
  </testcase> <!-- @BeforeTest SetUpData -->
</testsuite> <!-- Test -->
