<?xml version="1.0" encoding="UTF-8"?>
<!-- Generated by org.testng.reporters.JUnitXMLReporter -->
<testsuite ignored="1" hostname="Shree" failures="0" tests="6" name="Test" time="101.594" errors="0" timestamp="2024-10-20T18:06:36 IST">
  <testcase classname="TestCases.LoginTest" name="TC04_LoginSuccessTest" time="9.76"/>
  <testcase classname="TestCases.LoginTest" name="LoginFailureTest" time="9.473"/>
  <testcase classname="TestCases.LoginTest" name="Tc_02LoginSucessTest" time="13.949"/>
  <testcase classname="TestCases.LoginTest" name="TC04_LoginSuccessTest" time="37.351"/>
  <testcase classname="TestCases.LoginTest" name="TC04_LoginSuccessTest" time="11.3"/>
  <testcase classname="TestCases.LoginTest" name="TC04_LoginSuccessTest" time="30.611"/>
  <testcase classname="TestCases.LoginTest" name="Tc_03LoginSucessTest" time="0.0">
    <ignored/>
  </testcase> <!-- Tc_03LoginSucessTest -->
</testsuite> <!-- Test -->
