<?xml version="1.0" encoding="UTF-8"?>
<!-- Generated by org.testng.reporters.JUnitXMLReporter -->
<testsuite ignored="3" hostname="Shree" failures="0" tests="2" name="Test" time="55.958" errors="0" timestamp="2024-10-06T20:42:43 IST">
  <testcase classname="TestCases.LoginTest" name="LoginFailureTest" time="37.103"/>
  <testcase classname="TestCases.LoginTest" name="Tc_02LoginSucessTest" time="11.383"/>
  <testcase classname="TestCases.LoginTest" name="TC04_LoginSuccessTest" time="0.0">
    <ignored/>
  </testcase> <!-- TC04_LoginSuccessTest -->
  <testcase classname="TestCases.LoginTest" name="Tc_03LoginSucessTest" time="0.0">
    <ignored/>
  </testcase> <!-- Tc_03LoginSucessTest -->
  <testcase classname="TestCases.HomePageTest" name="TC03_Homepage" time="0.0">
    <ignored/>
  </testcase> <!-- TC03_Homepage -->
</testsuite> <!-- Test -->
