<?xml version="1.0" encoding="UTF-8"?>
<testng-results ignored="3" total="5" passed="2" failed="0" skipped="0">
  <reporter-output>
  </reporter-output>
  <suite started-at="2024-10-06T20:41:47 IST" name="sanity" finished-at="2024-10-06T20:42:43 IST" duration-ms="55958">
    <groups>
      <group name="regression">
        <method signature="LoginTest.Tc_02LoginSucessTest()[pri:0, instance:TestCases.LoginTest@223d2c72]" name="Tc_02LoginSucessTest" class="TestCases.LoginTest"/>
      </group> <!-- regression -->
      <group name="sanity">
        <method signature="LoginTest.LoginFailureTest()[pri:0, instance:TestCases.LoginTest@223d2c72]" name="LoginFailureTest" class="TestCases.LoginTest"/>
        <method signature="LoginTest.Tc_02LoginSucessTest()[pri:0, instance:TestCases.LoginTest@223d2c72]" name="Tc_02LoginSucessTest" class="TestCases.LoginTest"/>
      </group> <!-- sanity -->
    </groups>
    <test started-at="2024-10-06T20:41:47 IST" name="Test" finished-at="2024-10-06T20:42:43 IST" duration-ms="55958">
      <class name="TestCases.LoginTest">
        <test-method is-config="true" signature="setUpDriver()[pri:0, instance:TestCases.LoginTest@223d2c72]" started-at="2024-10-06T20:41:47 IST" name="setUpDriver" finished-at="2024-10-06T20:41:51 IST" duration-ms="4205" status="PASS">
          <reporter-output>
          </reporter-output>
        </test-method> <!-- setUpDriver -->
        <test-method signature="LoginFailureTest()[pri:0, instance:TestCases.LoginTest@223d2c72]" started-at="2024-10-06T20:41:51 IST" name="LoginFailureTest" description="Login failure test" finished-at="2024-10-06T20:42:28 IST" duration-ms="37103" status="PASS">
          <reporter-output>
          </reporter-output>
        </test-method> <!-- LoginFailureTest -->
        <test-method is-config="true" signature="tearDown()[pri:0, instance:TestCases.LoginTest@223d2c72]" started-at="2024-10-06T20:42:28 IST" name="tearDown" finished-at="2024-10-06T20:42:28 IST" duration-ms="187" status="PASS">
          <reporter-output>
          </reporter-output>
        </test-method> <!-- tearDown -->
        <test-method is-config="true" signature="setUpDriver()[pri:0, instance:TestCases.LoginTest@223d2c72]" started-at="2024-10-06T20:42:28 IST" name="setUpDriver" finished-at="2024-10-06T20:42:31 IST" duration-ms="2755" status="PASS">
          <reporter-output>
          </reporter-output>
        </test-method> <!-- setUpDriver -->
        <test-method signature="Tc_02LoginSucessTest()[pri:0, instance:TestCases.LoginTest@223d2c72]" started-at="2024-10-06T20:42:31 IST" name="Tc_02LoginSucessTest" description="Login sucess test" finished-at="2024-10-06T20:42:42 IST" duration-ms="11383" status="PASS">
          <reporter-output>
          </reporter-output>
        </test-method> <!-- Tc_02LoginSucessTest -->
        <test-method is-config="true" signature="tearDown()[pri:0, instance:TestCases.LoginTest@223d2c72]" started-at="2024-10-06T20:42:42 IST" name="tearDown" finished-at="2024-10-06T20:42:43 IST" duration-ms="283" status="PASS">
          <reporter-output>
          </reporter-output>
        </test-method> <!-- tearDown -->
      </class> <!-- TestCases.LoginTest -->
    </test> <!-- Test -->
  </suite> <!-- sanity -->
</testng-results>
